06.13.2022 13:33> 
06.13.2022 13:33> storageA
06.13.2022 13:33> Product name=Apple2 23 54,2 price=23 weight=54,2
06.13.2022 13:33> Product name=Apple3 23 54,2 price=23 weight=54,2
06.13.2022 13:33> Product name=Apple3 23 54,2 price=23 weight=54,2
06.13.2022 13:33> Product name=Apple3 23 54,2 price=23 weight=54,2
06.13.2022 13:33> Product name=Apple3 23 54,2 price=23 weight=54,2
06.13.2022 13:33> Product name=Apple3 23 54,2 price=23 weight=54,2
06.13.2022 13:33> Product name=Apple5 23 54,2 price=23 weight=54,2
06.13.2022 13:33> Product name=Apple5 23 54,2 price=23 weight=54,2
06.13.2022 13:33> 
06.13.2022 13:33> storageA.Except(storageB)
06.13.2022 13:33> Product name=Apple3 23 54,2 price=23 weight=54,2
06.13.2022 13:33> Product name=Apple3 23 54,2 price=23 weight=54,2
06.13.2022 13:33> Product name=Apple3 23 54,2 price=23 weight=54,2
06.13.2022 13:33> Product name=Apple5 23 54,2 price=23 weight=54,2
06.13.2022 13:33> Product name=Apple5 23 54,2 price=23 weight=54,2
06.13.2022 13:33> 
06.13.2022 13:33> storageA.Intersect(storageB)
06.13.2022 13:33> Product name=Apple2 23 54,2 price=23 weight=54,2
06.13.2022 13:33> Product name=Apple3 23 54,2 price=23 weight=54,2
06.13.2022 13:33> Product name=Apple3 23 54,2 price=23 weight=54,2
06.13.2022 13:33> 
06.13.2022 13:33> storage3 = storageA & storageB
06.13.2022 13:33> Product name=Apple2 23 54,2 price=23 weight=54,2
06.13.2022 13:33> Product name=Apple3 23 54,2 price=23 weight=54,2
